Watching for file changes with StatReloader
[19/May/2020 02:42:44] "GET /api/v1/sensorvalues/ HTTP/1.1" 200 35697
[19/May/2020 02:42:47] "GET /api/v1/sensorvalues/ HTTP/1.1" 200 35697
[19/May/2020 02:43:02] "GET /graph HTTP/1.1" 301 0
[19/May/2020 02:43:02] "GET /graph/ HTTP/1.1" 200 6398
[19/May/2020 02:43:02] "GET /static/js/jquery.js HTTP/1.1" 200 280364
[19/May/2020 02:43:09] "POST /api/v1/sensorvalues/ HTTP/1.1" 201 140
[19/May/2020 02:43:09] "POST /api/v1/sensorvalues/ HTTP/1.1" 201 142
[19/May/2020 02:43:09] "POST /api/v1/sensorvalues/ HTTP/1.1" 201 136
[19/May/2020 02:43:09] "POST /api/v1/sensorvalues/ HTTP/1.1" 201 137
[19/May/2020 02:43:09] "POST /api/v1/sensorvalues/ HTTP/1.1" 201 140
[19/May/2020 02:43:09] "POST /api/v1/sensorvalues/ HTTP/1.1" 201 143
[19/May/2020 02:43:09] "POST /api/v1/sensorvalues/ HTTP/1.1" 201 139
[19/May/2020 02:44:09] "POST /api/v1/sensorvalues/ HTTP/1.1" 201 140
[19/May/2020 02:44:09] "POST /api/v1/sensorvalues/ HTTP/1.1" 201 142
[19/May/2020 02:44:09] "POST /api/v1/sensorvalues/ HTTP/1.1" 201 136
[19/May/2020 02:44:09] "POST /api/v1/sensorvalues/ HTTP/1.1" 201 137
[19/May/2020 02:44:09] "POST /api/v1/sensorvalues/ HTTP/1.1" 201 140
[19/May/2020 02:44:09] "POST /api/v1/sensorvalues/ HTTP/1.1" 201 143
[19/May/2020 02:44:09] "POST /api/v1/sensorvalues/ HTTP/1.1" 201 139
[19/May/2020 02:44:40] "GET /api/v1/sensorvalues/ HTTP/1.1" 200 35697
[19/May/2020 02:45:08] "POST /api/v1/sensorvalues/ HTTP/1.1" 201 140
[19/May/2020 02:45:09] "POST /api/v1/sensorvalues/ HTTP/1.1" 201 142
[19/May/2020 02:45:09] "POST /api/v1/sensorvalues/ HTTP/1.1" 201 136
[19/May/2020 02:45:09] "POST /api/v1/sensorvalues/ HTTP/1.1" 201 137
[19/May/2020 02:45:09] "POST /api/v1/sensorvalues/ HTTP/1.1" 201 140
[19/May/2020 02:45:09] "POST /api/v1/sensorvalues/ HTTP/1.1" 201 143
[19/May/2020 02:45:09] "POST /api/v1/sensorvalues/ HTTP/1.1" 201 139
[19/May/2020 02:46:08] "POST /api/v1/sensorvalues/ HTTP/1.1" 201 140
[19/May/2020 02:46:08] "POST /api/v1/sensorvalues/ HTTP/1.1" 201 142
[19/May/2020 02:46:08] "POST /api/v1/sensorvalues/ HTTP/1.1" 201 136
[19/May/2020 02:46:08] "POST /api/v1/sensorvalues/ HTTP/1.1" 201 137
[19/May/2020 02:46:09] "POST /api/v1/sensorvalues/ HTTP/1.1" 201 140
[19/May/2020 02:46:09] "POST /api/v1/sensorvalues/ HTTP/1.1" 201 143
[19/May/2020 02:46:09] "POST /api/v1/sensorvalues/ HTTP/1.1" 201 138
[19/May/2020 02:47:08] "POST /api/v1/sensorvalues/ HTTP/1.1" 201 140
[19/May/2020 02:47:08] "POST /api/v1/sensorvalues/ HTTP/1.1" 201 141
[19/May/2020 02:47:08] "POST /api/v1/sensorvalues/ HTTP/1.1" 201 136
[19/May/2020 02:47:08] "POST /api/v1/sensorvalues/ HTTP/1.1" 201 137
[19/May/2020 02:47:08] "POST /api/v1/sensorvalues/ HTTP/1.1" 201 140
[19/May/2020 02:47:08] "POST /api/v1/sensorvalues/ HTTP/1.1" 201 143
[19/May/2020 02:47:09] "POST /api/v1/sensorvalues/ HTTP/1.1" 201 139
/home/ubuntu/SmartAgri/smartagri/backend/project/__init__.py changed, reloading.
Performing system checks...

System check identified no issues (0 silenced).
May 19, 2020 - 02:42:43
Django version 3.0.5, using settings 'project.settings'
Starting development server at http://0.0.0.0:8888/
Quit the server with CONTROL-C.
Watching for file changes with StatReloader
[19/May/2020 02:48:08] "POST /api/v1/sensorvalues/ HTTP/1.1" 201 140
[19/May/2020 02:48:08] "POST /api/v1/sensorvalues/ HTTP/1.1" 201 142
[19/May/2020 02:48:08] "POST /api/v1/sensorvalues/ HTTP/1.1" 201 136
[19/May/2020 02:48:08] "POST /api/v1/sensorvalues/ HTTP/1.1" 201 137
[19/May/2020 02:48:08] "POST /api/v1/sensorvalues/ HTTP/1.1" 201 140
[19/May/2020 02:48:08] "POST /api/v1/sensorvalues/ HTTP/1.1" 201 143
[19/May/2020 02:48:08] "POST /api/v1/sensorvalues/ HTTP/1.1" 201 139
[19/May/2020 02:49:08] "POST /api/v1/sensorvalues/ HTTP/1.1" 201 140
[19/May/2020 02:49:08] "POST /api/v1/sensorvalues/ HTTP/1.1" 201 142
[19/May/2020 02:49:08] "POST /api/v1/sensorvalues/ HTTP/1.1" 201 136
[19/May/2020 02:49:08] "POST /api/v1/sensorvalues/ HTTP/1.1" 201 137
[19/May/2020 02:49:08] "POST /api/v1/sensorvalues/ HTTP/1.1" 201 140
[19/May/2020 02:49:08] "POST /api/v1/sensorvalues/ HTTP/1.1" 201 143
[19/May/2020 02:49:08] "POST /api/v1/sensorvalues/ HTTP/1.1" 201 139
[19/May/2020 02:50:08] "POST /api/v1/sensorvalues/ HTTP/1.1" 201 140
[19/May/2020 02:50:08] "POST /api/v1/sensorvalues/ HTTP/1.1" 201 142
[19/May/2020 02:50:08] "POST /api/v1/sensorvalues/ HTTP/1.1" 201 136
[19/May/2020 02:50:09] "POST /api/v1/sensorvalues/ HTTP/1.1" 201 137
[19/May/2020 02:50:09] "POST /api/v1/sensorvalues/ HTTP/1.1" 201 140
[19/May/2020 02:50:09] "POST /api/v1/sensorvalues/ HTTP/1.1" 201 143
[19/May/2020 02:50:09] "POST /api/v1/sensorvalues/ HTTP/1.1" 201 139
[19/May/2020 02:51:08] "POST /api/v1/sensorvalues/ HTTP/1.1" 201 140
[19/May/2020 02:51:08] "POST /api/v1/sensorvalues/ HTTP/1.1" 201 142
[19/May/2020 02:51:08] "POST /api/v1/sensorvalues/ HTTP/1.1" 201 136
[19/May/2020 02:51:08] "POST /api/v1/sensorvalues/ HTTP/1.1" 201 137
[19/May/2020 02:51:08] "POST /api/v1/sensorvalues/ HTTP/1.1" 201 140
[19/May/2020 02:51:08] "POST /api/v1/sensorvalues/ HTTP/1.1" 201 143
[19/May/2020 02:51:08] "POST /api/v1/sensorvalues/ HTTP/1.1" 201 139
[19/May/2020 02:52:08] "POST /api/v1/sensorvalues/ HTTP/1.1" 201 140
[19/May/2020 02:52:08] "POST /api/v1/sensorvalues/ HTTP/1.1" 201 142
[19/May/2020 02:52:08] "POST /api/v1/sensorvalues/ HTTP/1.1" 201 136
[19/May/2020 02:52:08] "POST /api/v1/sensorvalues/ HTTP/1.1" 201 137
[19/May/2020 02:52:08] "POST /api/v1/sensorvalues/ HTTP/1.1" 201 140
[19/May/2020 02:52:08] "POST /api/v1/sensorvalues/ HTTP/1.1" 201 143
[19/May/2020 02:52:08] "POST /api/v1/sensorvalues/ HTTP/1.1" 201 138
[19/May/2020 02:53:08] "POST /api/v1/sensorvalues/ HTTP/1.1" 201 140
[19/May/2020 02:53:08] "POST /api/v1/sensorvalues/ HTTP/1.1" 201 142
[19/May/2020 02:53:08] "POST /api/v1/sensorvalues/ HTTP/1.1" 201 136
[19/May/2020 02:53:08] "POST /api/v1/sensorvalues/ HTTP/1.1" 201 137
[19/May/2020 02:53:08] "POST /api/v1/sensorvalues/ HTTP/1.1" 201 140
[19/May/2020 02:53:08] "POST /api/v1/sensorvalues/ HTTP/1.1" 201 143
[19/May/2020 02:53:08] "POST /api/v1/sensorvalues/ HTTP/1.1" 201 139
[19/May/2020 02:54:08] "POST /api/v1/sensorvalues/ HTTP/1.1" 201 140
[19/May/2020 02:54:08] "POST /api/v1/sensorvalues/ HTTP/1.1" 201 142
[19/May/2020 02:54:08] "POST /api/v1/sensorvalues/ HTTP/1.1" 201 136
[19/May/2020 02:54:08] "POST /api/v1/sensorvalues/ HTTP/1.1" 201 137
[19/May/2020 02:54:08] "POST /api/v1/sensorvalues/ HTTP/1.1" 201 140
[19/May/2020 02:54:08] "POST /api/v1/sensorvalues/ HTTP/1.1" 201 143
[19/May/2020 02:54:08] "POST /api/v1/sensorvalues/ HTTP/1.1" 201 139
[19/May/2020 02:55:09] "POST /api/v1/sensorvalues/ HTTP/1.1" 201 140
[19/May/2020 02:55:09] "POST /api/v1/sensorvalues/ HTTP/1.1" 201 142
[19/May/2020 02:55:09] "POST /api/v1/sensorvalues/ HTTP/1.1" 201 136
[19/May/2020 02:55:09] "POST /api/v1/sensorvalues/ HTTP/1.1" 201 137
[19/May/2020 02:55:09] "POST /api/v1/sensorvalues/ HTTP/1.1" 201 140
[19/May/2020 02:55:09] "POST /api/v1/sensorvalues/ HTTP/1.1" 201 143
[19/May/2020 02:55:09] "POST /api/v1/sensorvalues/ HTTP/1.1" 201 139
[19/May/2020 02:56:08] "POST /api/v1/sensorvalues/ HTTP/1.1" 201 140
[19/May/2020 02:56:08] "POST /api/v1/sensorvalues/ HTTP/1.1" 201 142
[19/May/2020 02:56:08] "POST /api/v1/sensorvalues/ HTTP/1.1" 201 136
[19/May/2020 02:56:08] "POST /api/v1/sensorvalues/ HTTP/1.1" 201 137
[19/May/2020 02:56:08] "POST /api/v1/sensorvalues/ HTTP/1.1" 201 140
[19/May/2020 02:56:08] "POST /api/v1/sensorvalues/ HTTP/1.1" 201 143
[19/May/2020 02:56:08] "POST /api/v1/sensorvalues/ HTTP/1.1" 201 139
[19/May/2020 02:57:09] "POST /api/v1/sensorvalues/ HTTP/1.1" 201 140
[19/May/2020 02:57:09] "POST /api/v1/sensorvalues/ HTTP/1.1" 201 142
[19/May/2020 02:57:09] "POST /api/v1/sensorvalues/ HTTP/1.1" 201 136
[19/May/2020 02:57:09] "POST /api/v1/sensorvalues/ HTTP/1.1" 201 137
[19/May/2020 02:57:09] "POST /api/v1/sensorvalues/ HTTP/1.1" 201 140
[19/May/2020 02:57:09] "POST /api/v1/sensorvalues/ HTTP/1.1" 201 143
[19/May/2020 02:57:09] "POST /api/v1/sensorvalues/ HTTP/1.1" 201 139
[19/May/2020 02:58:09] "POST /api/v1/sensorvalues/ HTTP/1.1" 201 140
[19/May/2020 02:58:09] "POST /api/v1/sensorvalues/ HTTP/1.1" 201 142
[19/May/2020 02:58:09] "POST /api/v1/sensorvalues/ HTTP/1.1" 201 136
[19/May/2020 02:58:09] "POST /api/v1/sensorvalues/ HTTP/1.1" 201 137
[19/May/2020 02:58:09] "POST /api/v1/sensorvalues/ HTTP/1.1" 201 140
[19/May/2020 02:58:09] "POST /api/v1/sensorvalues/ HTTP/1.1" 201 143
[19/May/2020 02:58:09] "POST /api/v1/sensorvalues/ HTTP/1.1" 201 139
